Build started 2/18/2015 10:19:29 AM.
     1>Project "C:\Users\12ada_000\Dropbox\Project 3\BoulderBlast\BoulderBlast.vcxproj" on node 2 (Build target(s)).
     1>ClCompile:
         C:\Program Files (x86)\Microsoft Visual Studio 12.0\VC\bin\CL.exe /c /Zi /nologo /W3 /WX- /sdl /O2 /Oi /Oy- /GL /D WIN32 /D NDEBUG /D _CONSOLE /D _CRT_SECURE_NO_WARNINGS /D GLUT_BUILDING_LIB /D _UNICODE /D UNICODE /Gm- /EHsc /MT /GS /Gy /fp:precise /Zc:wchar_t /Zc:forScope /Fo"Release\\" /Fd"Release\vc120.pdb" /Gd /TP /analyze- /errorReport:prompt Actor.cpp GameController.cpp GameWorld.cpp main.cpp StudentWorld.cpp
         Actor.cpp
         GameController.cpp
         GameWorld.cpp
         main.cpp
         StudentWorld.cpp
       Link:
         C:\Program Files (x86)\Microsoft Visual Studio 12.0\VC\bin\link.exe /ERRORREPORT:PROMPT /OUT:"C:\Users\12ada_000\Dropbox\Project 3\Release\BoulderBlast.exe" /INCREMENTAL:NO /NOLOGO kernel32.lib user32.lib gdi32.lib winspool.lib comdlg32.lib advapi32.lib shell32.lib ole32.lib oleaut32.lib uuid.lib odbc32.lib odbccp32.lib /MANIFEST /MANIFESTUAC:"level='asInvoker' uiAccess='false'" /manifest:embed /DEBUG /PDB:"C:\Users\12ada_000\Dropbox\Project 3\Release\BoulderBlast.pdb" /SUBSYSTEM:CONSOLE /OPT:REF /OPT:ICF /LTCG /TLBID:1 /DYNAMICBASE /NXCOMPAT /IMPLIB:"C:\Users\12ada_000\Dropbox\Project 3\Release\BoulderBlast.lib" /MACHINE:X86 /SAFESEH Release\Actor.obj
         Release\GameController.obj
         Release\GameWorld.obj
         Release\main.obj
         Release\StudentWorld.obj
         Generating code
         Finished generating code
         BoulderBlast.vcxproj -> C:\Users\12ada_000\Dropbox\Project 3\Release\BoulderBlast.exe
     1>Done Building Project "C:\Users\12ada_000\Dropbox\Project 3\BoulderBlast\BoulderBlast.vcxproj" (Build target(s)).

Build succeeded.

Time Elapsed 00:00:21.92
